<?xml version="1.0" encoding="UTF-8"?>
<!-- Generated by org.testng.reporters.JUnitReportReporter -->
<testsuite hostname="LTIN188840" failures="0" tests="4" name="testCase.TestCase" time="18.170" errors="0" timestamp="2024-03-05T15:04:42 IST" skipped="0">
  <testcase classname="testCase.TestCase" name="search_functionality" time="9.947"/>
  <system-out/>
  <testcase classname="testCase.TestCase" name="filter_functionality" time="5.045"/>
  <system-out/>
  <testcase classname="testCase.TestCase" name="check_sortfuction" time="1.828"/>
  <system-out/>
  <testcase classname="testCase.TestCase" name="check_and_print" time="1.350"/>
  <system-out/>
</testsuite> <!-- testCase.TestCase -->
