<?xml version="1.0" encoding="UTF-8"?>
<!-- Generated by org.testng.reporters.JUnitReportReporter -->
<testsuite hostname="LTIN188840" failures="0" tests="2" name="testCase.TestCase3" time="50.441" errors="0" timestamp="2024-03-05T15:04:42 IST" skipped="0">
  <testcase classname="testCase.TestCase3" name="choose_giftcard_validate" time="48.538"/>
  <system-out/>
  <testcase classname="testCase.TestCase3" name="checkout_validation" time="1.903"/>
  <system-out/>
</testsuite> <!-- testCase.TestCase3 -->
